#-----------------------------------------------------------
# Vivado v2017.4 (64-bit)
# SW Build 2086221 on Fri Dec 15 20:54:30 MST 2017
# IP Build 2085800 on Fri Dec 15 22:25:07 MST 2017
# Start of session at: Wed Mar 21 16:14:02 2018
# Process ID: 125551
# Current directory: /home/santi/firmware/myarea/proj/kcu105_basex
# Command line: vivado -mode tcl -log vivado_make-project.log -journal vivado_make-project.jou
# Log file: /home/santi/firmware/myarea/proj/kcu105_basex/vivado_make-project.log
# Journal file: /home/santi/firmware/myarea/proj/kcu105_basex/vivado_make-project.jou
#-----------------------------------------------------------
# Autogenerated project build script
# Wed Mar 21 16:14:18 2018
set outputDir /home/santi/firmware/myarea/proj/kcu105_basex/top
/home/santi/firmware/myarea/proj/kcu105_basex/top
file mkdir $outputDir
create_project top $outputDir -part xcku040-ffva1156-2-e -force
top
if {[string equal [get_filesets -quiet constrs_1] ""]} {create_fileset -constrset constrs_1}
if {[string equal [get_filesets -quiet sources_1] ""]} {create_fileset -srcset sources_1}
if {[string equal [get_filesets -quiet ise_1] ""]} {create_fileset -srcset ise_1}
ise_1
source /home/santi/firmware/myarea/src/ipbus-firmware/boards/kcu105/base_fw/kcu105_basex/synth/firmware/cfg/settings_ku.tcl
# set obj [get_projects top]
# set_property "default_lib" "xil_defaultlib" $obj
# set_property "simulator_language" "Mixed" $obj
# set_property "source_mgmt_mode" "DisplayOnly" $obj
# set_property "target_language" "VHDL" $obj
add_files -norecurse -fileset sources_1 /home/santi/firmware/myarea/src/ipbus-firmware/components/ipbus_slaves/firmware/hdl/ipbus_reg_types.vhd
/home/santi/firmware/myarea/src/ipbus-firmware/components/ipbus_slaves/firmware/hdl/ipbus_reg_types.vhd
add_files -norecurse -fileset sources_1 /home/santi/firmware/myarea/src/ipbus-firmware/components/ipbus_slaves/firmware/hdl/ipbus_peephole_ram.vhd
/home/santi/firmware/myarea/src/ipbus-firmware/components/ipbus_slaves/firmware/hdl/ipbus_peephole_ram.vhd
add_files -norecurse -fileset sources_1 /home/santi/firmware/myarea/src/ipbus-firmware/components/ipbus_slaves/firmware/hdl/ipbus_ram.vhd
/home/santi/firmware/myarea/src/ipbus-firmware/components/ipbus_slaves/firmware/hdl/ipbus_ram.vhd
add_files -norecurse -fileset sources_1 /home/santi/firmware/myarea/src/ipbus-firmware/components/ipbus_slaves/firmware/hdl/ipbus_ctrlreg_v.vhd
/home/santi/firmware/myarea/src/ipbus-firmware/components/ipbus_slaves/firmware/hdl/ipbus_ctrlreg_v.vhd
add_files -norecurse -fileset sources_1 /home/santi/firmware/myarea/src/ipbus-firmware/components/ipbus_slaves/firmware/hdl/ipbus_reg_v.vhd
/home/santi/firmware/myarea/src/ipbus-firmware/components/ipbus_slaves/firmware/hdl/ipbus_reg_v.vhd
add_files -norecurse -fileset sources_1 /home/santi/firmware/myarea/src/ipbus-firmware/components/ipbus_util/firmware/hdl/ipbus_decode_ipbus_example.vhd
/home/santi/firmware/myarea/src/ipbus-firmware/components/ipbus_util/firmware/hdl/ipbus_decode_ipbus_example.vhd
add_files -norecurse -fileset sources_1 /home/santi/firmware/myarea/src/ipbus-firmware/components/ipbus_core/firmware/hdl/ipbus_fabric_sel.vhd
/home/santi/firmware/myarea/src/ipbus-firmware/components/ipbus_core/firmware/hdl/ipbus_fabric_sel.vhd
add_files -norecurse -fileset sources_1 /home/santi/firmware/myarea/src/ipbus-firmware/components/ipbus_util/firmware/hdl/ipbus_example.vhd
/home/santi/firmware/myarea/src/ipbus-firmware/components/ipbus_util/firmware/hdl/ipbus_example.vhd
set_property USED_IN implementation [add_files -norecurse -fileset constrs_1 /home/santi/firmware/myarea/src/ipbus-firmware/boards/kcu105/base_fw/kcu105_basex/synth/firmware/ucf/kcu105_basex.tcl]
add_files -norecurse -fileset sources_1 /home/santi/firmware/myarea/src/ipbus-firmware/components/ipbus_core/firmware/hdl/ipbus_package.vhd
/home/santi/firmware/myarea/src/ipbus-firmware/components/ipbus_core/firmware/hdl/ipbus_package.vhd
import_files -norecurse -fileset sources_1 /home/santi/firmware/myarea/src/ipbus-firmware/components/ipbus_eth/firmware/cgn/gig_ethernet_pcs_pma_basex_156_25.xci
INFO: [IP_Flow 19-234] Refreshing IP repositories
INFO: [IP_Flow 19-1704] No user IP repositories specified
INFO: [IP_Flow 19-2313] Loaded Vivado IP repository '/opt/Xilinx/Vivado/2017.4/data/ip'.
WARNING: [IP_Flow 19-2162] IP 'gig_ethernet_pcs_pma_basex_156_25' is locked:
* IP definition '1G/2.5G Ethernet PCS/PMA or SGMII (15.1)' for IP 'gig_ethernet_pcs_pma_basex_156_25' (customized with software release 2015.4) has a newer major version in the IP Catalog.
Please select 'Report IP Status' from the 'Tools/Report' menu or run Tcl command 'report_ip_status' for more information.
import_files: Time (s): cpu = 00:00:03 ; elapsed = 00:00:10 . Memory (MB): peak = 1315.066 ; gain = 64.023 ; free physical = 163 ; free virtual = 4373
/home/santi/firmware/myarea/proj/kcu105_basex/top/top.srcs/sources_1/ip/gig_ethernet_pcs_pma_basex_156_25/gig_ethernet_pcs_pma_basex_156_25.xci
import_files -norecurse -fileset sources_1 /home/santi/firmware/myarea/src/ipbus-firmware/components/ipbus_eth/firmware/cgn/temac_gbe_v9_0.xci
WARNING: [IP_Flow 19-2162] IP 'temac_gbe_v9_0' is locked:
* IP definition 'Tri Mode Ethernet MAC (9.0)' for IP 'temac_gbe_v9_0' (customized with software release 2015.4) has a different revision in the IP Catalog.
* Current project part 'xcku040-ffva1156-2-e' and the part 'xc7a200tfbg484-2' used to customize the IP 'temac_gbe_v9_0' do not match.
Please select 'Report IP Status' from the 'Tools/Report' menu or run Tcl command 'report_ip_status' for more information.
/home/santi/firmware/myarea/proj/kcu105_basex/top/top.srcs/sources_1/ip/temac_gbe_v9_0/temac_gbe_v9_0.xci
add_files -norecurse -fileset sources_1 /home/santi/firmware/myarea/src/ipbus-firmware/components/ipbus_eth/firmware/hdl/emac_hostbus_decl.vhd
/home/santi/firmware/myarea/src/ipbus-firmware/components/ipbus_eth/firmware/hdl/emac_hostbus_decl.vhd
add_files -norecurse -fileset sources_1 /home/santi/firmware/myarea/src/ipbus-firmware/components/ipbus_eth/firmware/hdl/eth_us_1000basex.vhd
/home/santi/firmware/myarea/src/ipbus-firmware/components/ipbus_eth/firmware/hdl/eth_us_1000basex.vhd
add_files -norecurse -fileset sources_1 /home/santi/firmware/myarea/src/ipbus-firmware/components/ipbus_core/firmware/hdl/ipbus_trans_decl.vhd
/home/santi/firmware/myarea/src/ipbus-firmware/components/ipbus_core/firmware/hdl/ipbus_trans_decl.vhd
add_files -norecurse -fileset sources_1 /home/santi/firmware/myarea/src/ipbus-firmware/components/ipbus_core/firmware/hdl/transactor_cfg.vhd
/home/santi/firmware/myarea/src/ipbus-firmware/components/ipbus_core/firmware/hdl/transactor_cfg.vhd
add_files -norecurse -fileset sources_1 /home/santi/firmware/myarea/src/ipbus-firmware/components/ipbus_core/firmware/hdl/transactor_sm.vhd
/home/santi/firmware/myarea/src/ipbus-firmware/components/ipbus_core/firmware/hdl/transactor_sm.vhd
add_files -norecurse -fileset sources_1 /home/santi/firmware/myarea/src/ipbus-firmware/components/ipbus_core/firmware/hdl/transactor_if.vhd
/home/santi/firmware/myarea/src/ipbus-firmware/components/ipbus_core/firmware/hdl/transactor_if.vhd
add_files -norecurse -fileset sources_1 /home/santi/firmware/myarea/src/ipbus-firmware/components/ipbus_core/firmware/hdl/transactor.vhd
/home/santi/firmware/myarea/src/ipbus-firmware/components/ipbus_core/firmware/hdl/transactor.vhd
add_files -norecurse -fileset sources_1 /home/santi/firmware/myarea/src/ipbus-firmware/components/ipbus_core/firmware/hdl/trans_arb.vhd
/home/santi/firmware/myarea/src/ipbus-firmware/components/ipbus_core/firmware/hdl/trans_arb.vhd
add_files -norecurse -fileset sources_1 /home/santi/firmware/myarea/src/ipbus-firmware/components/ipbus_core/firmware/hdl/udp_txtransactor_if_simple.vhd
/home/santi/firmware/myarea/src/ipbus-firmware/components/ipbus_core/firmware/hdl/udp_txtransactor_if_simple.vhd
add_files -norecurse -fileset sources_1 /home/santi/firmware/myarea/src/ipbus-firmware/components/ipbus_core/firmware/hdl/udp_tx_mux.vhd
/home/santi/firmware/myarea/src/ipbus-firmware/components/ipbus_core/firmware/hdl/udp_tx_mux.vhd
add_files -norecurse -fileset sources_1 /home/santi/firmware/myarea/src/ipbus-firmware/components/ipbus_core/firmware/hdl/udp_status_buffer.vhd
/home/santi/firmware/myarea/src/ipbus-firmware/components/ipbus_core/firmware/hdl/udp_status_buffer.vhd
add_files -norecurse -fileset sources_1 /home/santi/firmware/myarea/src/ipbus-firmware/components/ipbus_core/firmware/hdl/udp_rxtransactor_if_simple.vhd
/home/santi/firmware/myarea/src/ipbus-firmware/components/ipbus_core/firmware/hdl/udp_rxtransactor_if_simple.vhd
add_files -norecurse -fileset sources_1 /home/santi/firmware/myarea/src/ipbus-firmware/components/ipbus_core/firmware/hdl/udp_rxram_shim.vhd
/home/santi/firmware/myarea/src/ipbus-firmware/components/ipbus_core/firmware/hdl/udp_rxram_shim.vhd
add_files -norecurse -fileset sources_1 /home/santi/firmware/myarea/src/ipbus-firmware/components/ipbus_core/firmware/hdl/udp_rxram_mux.vhd
/home/santi/firmware/myarea/src/ipbus-firmware/components/ipbus_core/firmware/hdl/udp_rxram_mux.vhd
add_files -norecurse -fileset sources_1 /home/santi/firmware/myarea/src/ipbus-firmware/components/ipbus_core/firmware/hdl/udp_rarp_block.vhd
/home/santi/firmware/myarea/src/ipbus-firmware/components/ipbus_core/firmware/hdl/udp_rarp_block.vhd
add_files -norecurse -fileset sources_1 /home/santi/firmware/myarea/src/ipbus-firmware/components/ipbus_core/firmware/hdl/udp_packet_parser.vhd
/home/santi/firmware/myarea/src/ipbus-firmware/components/ipbus_core/firmware/hdl/udp_packet_parser.vhd
add_files -norecurse -fileset sources_1 /home/santi/firmware/myarea/src/ipbus-firmware/components/ipbus_core/firmware/hdl/udp_ipaddr_block.vhd
/home/santi/firmware/myarea/src/ipbus-firmware/components/ipbus_core/firmware/hdl/udp_ipaddr_block.vhd
add_files -norecurse -fileset sources_1 /home/santi/firmware/myarea/src/ipbus-firmware/components/ipbus_core/firmware/hdl/udp_dualportram_tx.vhd
/home/santi/firmware/myarea/src/ipbus-firmware/components/ipbus_core/firmware/hdl/udp_dualportram_tx.vhd
add_files -norecurse -fileset sources_1 /home/santi/firmware/myarea/src/ipbus-firmware/components/ipbus_core/firmware/hdl/udp_dualportram_rx.vhd
/home/santi/firmware/myarea/src/ipbus-firmware/components/ipbus_core/firmware/hdl/udp_dualportram_rx.vhd
add_files -norecurse -fileset sources_1 /home/santi/firmware/myarea/src/ipbus-firmware/components/ipbus_core/firmware/hdl/udp_dualportram.vhd
/home/santi/firmware/myarea/src/ipbus-firmware/components/ipbus_core/firmware/hdl/udp_dualportram.vhd
add_files -norecurse -fileset sources_1 /home/santi/firmware/myarea/src/ipbus-firmware/components/ipbus_core/firmware/hdl/udp_do_rx_reset.vhd
/home/santi/firmware/myarea/src/ipbus-firmware/components/ipbus_core/firmware/hdl/udp_do_rx_reset.vhd
add_files -norecurse -fileset sources_1 /home/santi/firmware/myarea/src/ipbus-firmware/components/ipbus_core/firmware/hdl/udp_clock_crossing_if.vhd
/home/santi/firmware/myarea/src/ipbus-firmware/components/ipbus_core/firmware/hdl/udp_clock_crossing_if.vhd
add_files -norecurse -fileset sources_1 /home/santi/firmware/myarea/src/ipbus-firmware/components/ipbus_core/firmware/hdl/udp_byte_sum.vhd
/home/santi/firmware/myarea/src/ipbus-firmware/components/ipbus_core/firmware/hdl/udp_byte_sum.vhd
add_files -norecurse -fileset sources_1 /home/santi/firmware/myarea/src/ipbus-firmware/components/ipbus_core/firmware/hdl/udp_build_status.vhd
/home/santi/firmware/myarea/src/ipbus-firmware/components/ipbus_core/firmware/hdl/udp_build_status.vhd
add_files -norecurse -fileset sources_1 /home/santi/firmware/myarea/src/ipbus-firmware/components/ipbus_core/firmware/hdl/udp_build_resend.vhd
/home/santi/firmware/myarea/src/ipbus-firmware/components/ipbus_core/firmware/hdl/udp_build_resend.vhd
add_files -norecurse -fileset sources_1 /home/santi/firmware/myarea/src/ipbus-firmware/components/ipbus_core/firmware/hdl/udp_build_ping.vhd
/home/santi/firmware/myarea/src/ipbus-firmware/components/ipbus_core/firmware/hdl/udp_build_ping.vhd
add_files -norecurse -fileset sources_1 /home/santi/firmware/myarea/src/ipbus-firmware/components/ipbus_core/firmware/hdl/udp_build_payload.vhd
/home/santi/firmware/myarea/src/ipbus-firmware/components/ipbus_core/firmware/hdl/udp_build_payload.vhd
add_files -norecurse -fileset sources_1 /home/santi/firmware/myarea/src/ipbus-firmware/components/ipbus_core/firmware/hdl/udp_build_arp.vhd
/home/santi/firmware/myarea/src/ipbus-firmware/components/ipbus_core/firmware/hdl/udp_build_arp.vhd
add_files -norecurse -fileset sources_1 /home/santi/firmware/myarea/src/ipbus-firmware/components/ipbus_core/firmware/hdl/udp_buffer_selector.vhd
/home/santi/firmware/myarea/src/ipbus-firmware/components/ipbus_core/firmware/hdl/udp_buffer_selector.vhd
add_files -norecurse -fileset sources_1 /home/santi/firmware/myarea/src/ipbus-firmware/components/ipbus_core/firmware/hdl/udp_if_flat.vhd
/home/santi/firmware/myarea/src/ipbus-firmware/components/ipbus_core/firmware/hdl/udp_if_flat.vhd
add_files -norecurse -fileset sources_1 /home/santi/firmware/myarea/src/ipbus-firmware/components/ipbus_core/firmware/hdl/ipbus_ctrl.vhd
/home/santi/firmware/myarea/src/ipbus-firmware/components/ipbus_core/firmware/hdl/ipbus_ctrl.vhd
add_files -norecurse -fileset sources_1 /home/santi/firmware/myarea/src/ipbus-firmware/components/ipbus_util/firmware/hdl/led_stretcher.vhd
/home/santi/firmware/myarea/src/ipbus-firmware/components/ipbus_util/firmware/hdl/led_stretcher.vhd
add_files -norecurse -fileset sources_1 /home/santi/firmware/myarea/src/ipbus-firmware/components/ipbus_util/firmware/hdl/ipbus_clock_div.vhd
/home/santi/firmware/myarea/src/ipbus-firmware/components/ipbus_util/firmware/hdl/ipbus_clock_div.vhd
add_files -norecurse -fileset sources_1 /home/santi/firmware/myarea/src/ipbus-firmware/components/ipbus_util/firmware/hdl/clocks_us_serdes.vhd
/home/santi/firmware/myarea/src/ipbus-firmware/components/ipbus_util/firmware/hdl/clocks_us_serdes.vhd
add_files -norecurse -fileset sources_1 /home/santi/firmware/myarea/src/ipbus-firmware/boards/kcu105/base_fw/kcu105_basex/synth/firmware/hdl/kcu105_basex_infra.vhd
/home/santi/firmware/myarea/src/ipbus-firmware/boards/kcu105/base_fw/kcu105_basex/synth/firmware/hdl/kcu105_basex_infra.vhd
add_files -norecurse -fileset sources_1 /home/santi/firmware/myarea/src/ipbus-firmware/boards/kcu105/base_fw/kcu105_basex/synth/firmware/hdl/kcu105_basex.vhd
/home/santi/firmware/myarea/src/ipbus-firmware/boards/kcu105/base_fw/kcu105_basex/synth/firmware/hdl/kcu105_basex.vhd
set_property top top [current_fileset]
set_property "steps.synth_design.args.flatten_hierarchy" "none" [get_runs synth_1]
upgrade_ip [get_ips gig_ethernet_pcs_pma_basex_156_25]
Upgrading 'gig_ethernet_pcs_pma_basex_156_25'
INFO: [Device 21-403] Loading part xcku040-ffva1156-2-e
INFO: [xilinx.com:ip:gig_ethernet_pcs_pma:16.1-98989] gig_ethernet_pcs_pma_basex_156_25: ARCHITECTURE : kintexu
INFO: [xilinx.com:ip:gig_ethernet_pcs_pma:16.1-98989] gig_ethernet_pcs_pma_basex_156_25: PART : xcku040-ffva1156-2-e
INFO: [xilinx.com:ip:gig_ethernet_pcs_pma:16.1-98989] gig_ethernet_pcs_pma_basex_156_25: SPEEDGRADE : -2
INFO: [xilinx.com:ip:gig_ethernet_pcs_pma:16.1-98989] gig_ethernet_pcs_pma_basex_156_25: Standard : 1000BASEX
Sourcing the elaborate.xit file.
Calling update_contents for BASEX .
Done sourcing the elaborate.xit file.
WARNING: [IP_Flow 19-4316] Parameter 'c_phyaddr' is no longer present on the upgraded IP 'gig_ethernet_pcs_pma_basex_156_25', and cannot be set to '1'
WARNING: [IP_Flow 19-3501] Upgraded gig_ethernet_pcs_pma_basex_156_25 from 1G/2.5G Ethernet PCS/PMA or SGMII 15.1 to 1G/2.5G Ethernet PCS/PMA or SGMII 16.1, with warnings. Please review the message log.
INFO: [IP_Flow 19-1686] Generating 'Instantiation Template' target for IP 'gig_ethernet_pcs_pma_basex_156_25'...
CRITICAL WARNING: [Coretcl 2-1280] The upgrade of 'gig_ethernet_pcs_pma_basex_156_25' has identified issues that may require user intervention. Please verify that the instance is correctly configured, and review any upgrade messages.
upgrade_ip: Time (s): cpu = 00:00:25 ; elapsed = 00:00:39 . Memory (MB): peak = 1821.863 ; gain = 471.684 ; free physical = 120 ; free virtual = 4019
/home/santi/firmware/myarea/proj/kcu105_basex/top/top.srcs/sources_1/ip/gig_ethernet_pcs_pma_basex_156_25/gig_ethernet_pcs_pma_basex_156_25.xci
upgrade_ip [get_ips temac_gbe_v9_0]
Upgrading 'temac_gbe_v9_0'
INFO: [IP_Flow 19-3422] Upgraded temac_gbe_v9_0 (Tri Mode Ethernet MAC 9.0) from revision 3 to revision 10
INFO: [IP_Flow 19-1686] Generating 'Instantiation Template' target for IP 'temac_gbe_v9_0'...
/home/santi/firmware/myarea/proj/kcu105_basex/top/top.srcs/sources_1/ip/temac_gbe_v9_0/temac_gbe_v9_0.xci
create_ip_run [get_files $outputDir/top.srcs/sources_1/ip/gig_ethernet_pcs_pma_basex_156_25/gig_ethernet_pcs_pma_basex_156_25.xci]
gig_ethernet_pcs_pma_basex_156_25_synth_1
create_ip_run [get_files $outputDir/top.srcs/sources_1/ip/temac_gbe_v9_0/temac_gbe_v9_0.xci]
temac_gbe_v9_0_synth_1
close_project
quit
INFO: [Common 17-206] Exiting Vivado at Wed Mar 21 16:15:12 2018...
